  [1m[35m (0.2ms)[0m  [1m[34mSELECT pg_try_advisory_lock(2513385427944679680);[0m
  [1m[36mActiveRecord::SchemaMigration Load (0.4ms)[0m  [1m[34mSELECT "schema_migrations".* FROM "schema_migrations"[0m
Migrating to CreateMothers (20170503014835)
  [1m[35m (0.1ms)[0m  [1m[35mBEGIN[0m
  [1m[35m (27.1ms)[0m  [1m[35mCREATE TABLE "mothers" ("id" serial primary key, "given_name" character varying NOT NULL, "family_name" character varying, "created_at" timestamp NOT NULL, "updated_at" timestamp NOT NULL)[0m
  [1m[35m (0.1ms)[0m  [1m[31mROLLBACK[0m
  [1m[35m (0.2ms)[0m  [1m[34mSELECT pg_advisory_unlock(2513385427944679680)[0m
  [1m[36mActiveRecord::SchemaMigration Load (0.4ms)[0m  [1m[34mSELECT "schema_migrations".* FROM "schema_migrations"[0m
  [1m[35m (0.2ms)[0m  [1m[34mSELECT "ar_internal_metadata"."value" FROM "ar_internal_metadata" WHERE "ar_internal_metadata"."key" = $1[0m  [["key", :environment]]
  [1m[36mActiveRecord::SchemaMigration Load (0.1ms)[0m  [1m[34mSELECT "schema_migrations".* FROM "schema_migrations"[0m
  [1m[35m (0.1ms)[0m  [1m[34mSELECT "ar_internal_metadata"."value" FROM "ar_internal_metadata" WHERE "ar_internal_metadata"."key" = $1[0m  [["key", :environment]]
  [1m[36mActiveRecord::SchemaMigration Load (0.1ms)[0m  [1m[34mSELECT "schema_migrations".* FROM "schema_migrations"[0m
  [1m[35m (0.2ms)[0m  [1m[34mSELECT "ar_internal_metadata"."value" FROM "ar_internal_metadata" WHERE "ar_internal_metadata"."key" = $1[0m  [["key", :environment]]
  [1m[35m (187.5ms)[0m  [1m[35mDROP DATABASE IF EXISTS "expecting_development"[0m
  [1m[35m (192.8ms)[0m  [1m[35mDROP DATABASE IF EXISTS "expecting_test"[0m
  [1m[35m (469.2ms)[0m  [1m[35mCREATE DATABASE "expecting_development" ENCODING = 'unicode'[0m
  [1m[35m (406.0ms)[0m  [1m[35mCREATE DATABASE "expecting_test" ENCODING = 'unicode'[0m
  [1m[35m (3.2ms)[0m  [1m[35mCREATE TABLE "schema_migrations" ("version" character varying PRIMARY KEY)[0m
  [1m[35m (2.9ms)[0m  [1m[35mCREATE TABLE "ar_internal_metadata" ("key" character varying PRIMARY KEY, "value" character varying, "created_at" timestamp NOT NULL, "updated_at" timestamp NOT NULL)[0m
  [1m[35m (0.2ms)[0m  [1m[34mSELECT pg_try_advisory_lock(2513385427944679680);[0m
  [1m[36mActiveRecord::SchemaMigration Load (0.2ms)[0m  [1m[34mSELECT "schema_migrations".* FROM "schema_migrations"[0m
Migrating to CreateUsers (1)
  [1m[35m (0.1ms)[0m  [1m[35mBEGIN[0m
DEPRECATION WARNING: Directly inheriting from ActiveRecord::Migration is deprecated. Please specify the Rails release the migration was written for:

  class CreateUsers < ActiveRecord::Migration[4.2] (called from load at /Users/catherinexiang/.rbenv/versions/2.3.1/bin/rake:23)
  [1m[35m (14.5ms)[0m  [1m[35mCREATE TABLE "users" ("id" serial primary key, "email" character varying NOT NULL, "token" character varying NOT NULL, "password_digest" character varying NOT NULL, "created_at" timestamp NOT NULL, "updated_at" timestamp NOT NULL)[0m
  [1m[35m (6.2ms)[0m  [1m[35mCREATE UNIQUE INDEX  "index_users_on_email" ON "users"  ("email")[0m
  [1m[35m (0.7ms)[0m  [1m[35mCREATE UNIQUE INDEX  "index_users_on_token" ON "users"  ("token")[0m
  [1m[35mSQL (0.4ms)[0m  [1m[32mINSERT INTO "schema_migrations" ("version") VALUES ($1) RETURNING "version"[0m  [["version", "1"]]
  [1m[35m (6.3ms)[0m  [1m[35mCOMMIT[0m
Migrating to CreateExamples (2)
  [1m[35m (6.2ms)[0m  [1m[35mBEGIN[0m
DEPRECATION WARNING: Directly inheriting from ActiveRecord::Migration is deprecated. Please specify the Rails release the migration was written for:

  class CreateExamples < ActiveRecord::Migration[4.2] (called from load at /Users/catherinexiang/.rbenv/versions/2.3.1/bin/rake:23)
  [1m[35m (15.0ms)[0m  [1m[35mCREATE TABLE "examples" ("id" serial primary key, "text" text NOT NULL, "user_id" integer NOT NULL, "created_at" timestamp NOT NULL, "updated_at" timestamp NOT NULL, CONSTRAINT "fk_rails_ae101d15cc"
FOREIGN KEY ("user_id")
  REFERENCES "users" ("id")
)[0m
  [1m[35m (6.7ms)[0m  [1m[35mCREATE  INDEX  "index_examples_on_user_id" ON "examples"  ("user_id")[0m
  [1m[35mSQL (0.3ms)[0m  [1m[32mINSERT INTO "schema_migrations" ("version") VALUES ($1) RETURNING "version"[0m  [["version", "2"]]
  [1m[35m (1.1ms)[0m  [1m[35mCOMMIT[0m
Migrating to CreateMothers (20170503014835)
  [1m[35m (0.4ms)[0m  [1m[35mBEGIN[0m
  [1m[35m (6.6ms)[0m  [1m[35mCREATE TABLE "mothers" ("id" serial primary key, "given_name" character varying NOT NULL, "family_name" character varying, "created_at" timestamp NOT NULL, "updated_at" timestamp NOT NULL)[0m
  [1m[35mSQL (0.5ms)[0m  [1m[32mINSERT INTO "schema_migrations" ("version") VALUES ($1) RETURNING "version"[0m  [["version", "20170503014835"]]
  [1m[35m (0.4ms)[0m  [1m[35mCOMMIT[0m
  [1m[36mActiveRecord::InternalMetadata Load (0.2ms)[0m  [1m[34mSELECT  "ar_internal_metadata".* FROM "ar_internal_metadata" WHERE "ar_internal_metadata"."key" = $1 LIMIT $2[0m  [["key", :environment], ["LIMIT", 1]]
  [1m[35m (0.1ms)[0m  [1m[35mBEGIN[0m
  [1m[35mSQL (0.3ms)[0m  [1m[32mINSERT INTO "ar_internal_metadata" ("key", "value", "created_at", "updated_at") VALUES ($1, $2, $3, $4) RETURNING "key"[0m  [["key", "environment"], ["value", "development"], ["created_at", 2017-05-03 01:51:28 UTC], ["updated_at", 2017-05-03 01:51:28 UTC]]
  [1m[35m (0.3ms)[0m  [1m[35mCOMMIT[0m
  [1m[35m (0.3ms)[0m  [1m[34mSELECT pg_advisory_unlock(2513385427944679680)[0m
  [1m[36mActiveRecord::SchemaMigration Load (0.3ms)[0m  [1m[34mSELECT "schema_migrations".* FROM "schema_migrations"[0m
Started GET "/mothers" for 127.0.0.1 at 2017-05-02 21:52:54 -0400
  [1m[36mActiveRecord::SchemaMigration Load (0.4ms)[0m  [1m[34mSELECT "schema_migrations".* FROM "schema_migrations"[0m
Processing by MothersController#index as HTML
  [1m[36mMother Load (2.0ms)[0m  [1m[34mSELECT "mothers".* FROM "mothers"[0m
[active_model_serializers] Rendered ActiveModel::Serializer::CollectionSerializer with ActiveModelSerializers::Adapter::Json (1.41ms)
Completed 200 OK in 15ms (Views: 9.2ms | ActiveRecord: 2.8ms)


  [1m[35m (0.1ms)[0m  [1m[35mBEGIN[0m
  [1m[35mSQL (0.8ms)[0m  [1m[32mINSERT INTO "mothers" ("given_name", "family_name", "created_at", "updated_at") VALUES ($1, $2, $3, $4) RETURNING "id"[0m  [["given_name", "Alice"], ["family_name", "Xiang"], ["created_at", 2017-05-03 01:53:42 UTC], ["updated_at", 2017-05-03 01:53:42 UTC]]
  [1m[35m (6.4ms)[0m  [1m[35mCOMMIT[0m
  [1m[36mMother Load (0.3ms)[0m  [1m[34mSELECT "mothers".* FROM "mothers"[0m
Started GET "/mothers" for 127.0.0.1 at 2017-05-02 21:53:49 -0400
Processing by MothersController#index as HTML
  [1m[36mMother Load (0.5ms)[0m  [1m[34mSELECT "mothers".* FROM "mothers"[0m
[active_model_serializers] Rendered ActiveModel::Serializer::CollectionSerializer with ActiveModelSerializers::Adapter::Json (0.64ms)
Completed 200 OK in 11ms (Views: 8.1ms | ActiveRecord: 2.9ms)


  [1m[35m (0.1ms)[0m  [1m[34mSELECT pg_try_advisory_lock(2513385427944679680);[0m
  [1m[36mActiveRecord::SchemaMigration Load (0.4ms)[0m  [1m[34mSELECT "schema_migrations".* FROM "schema_migrations"[0m
Migrating to CreateBabies (20170503015742)
  [1m[35m (0.1ms)[0m  [1m[35mBEGIN[0m
  [1m[35m (11.4ms)[0m  [1m[35mCREATE TABLE "babies" ("id" serial primary key, "age" integer NOT NULL, "created_at" timestamp NOT NULL, "updated_at" timestamp NOT NULL)[0m
  [1m[35mSQL (0.5ms)[0m  [1m[32mINSERT INTO "schema_migrations" ("version") VALUES ($1) RETURNING "version"[0m  [["version", "20170503015742"]]
  [1m[35m (12.4ms)[0m  [1m[35mCOMMIT[0m
  [1m[36mActiveRecord::InternalMetadata Load (0.4ms)[0m  [1m[34mSELECT  "ar_internal_metadata".* FROM "ar_internal_metadata" WHERE "ar_internal_metadata"."key" = $1 LIMIT $2[0m  [["key", :environment], ["LIMIT", 1]]
  [1m[35m (0.2ms)[0m  [1m[35mBEGIN[0m
  [1m[35m (1.1ms)[0m  [1m[35mCOMMIT[0m
  [1m[35m (0.2ms)[0m  [1m[34mSELECT pg_advisory_unlock(2513385427944679680)[0m
  [1m[36mActiveRecord::SchemaMigration Load (0.1ms)[0m  [1m[34mSELECT "schema_migrations".* FROM "schema_migrations"[0m
Started GET "/babies" for 127.0.0.1 at 2017-05-02 21:59:31 -0400
Started GET "/mothers" for 127.0.0.1 at 2017-05-02 21:59:42 -0400
  [1m[36mActiveRecord::SchemaMigration Load (0.5ms)[0m  [1m[34mSELECT "schema_migrations".* FROM "schema_migrations"[0m
Processing by BabiesController#index as HTML
  [1m[36mBaby Load (0.8ms)[0m  [1m[34mSELECT "babies".* FROM "babies"[0m
[active_model_serializers] Rendered ActiveModel::Serializer::CollectionSerializer with ActiveModelSerializers::Adapter::Json (0.39ms)
Completed 200 OK in 8ms (Views: 2.6ms | ActiveRecord: 2.3ms)


Started GET "/mothers" for 127.0.0.1 at 2017-05-02 21:59:42 -0400
Processing by MothersController#index as HTML
Processing by MothersController#index as HTML
Started GET "/mothers" for 127.0.0.1 at 2017-05-02 21:59:42 -0400
Processing by MothersController#index as HTML
  [1m[36mMother Load (0.7ms)[0m  [1m[34mSELECT "mothers".* FROM "mothers"[0m
  [1m[36mMother Load (0.8ms)[0m  [1m[34mSELECT "mothers".* FROM "mothers"[0m
  [1m[36mMother Load (2.1ms)[0m  [1m[34mSELECT "mothers".* FROM "mothers"[0m
[active_model_serializers] Rendered ActiveModel::Serializer::CollectionSerializer with ActiveModelSerializers::Adapter::Json (0.62ms)
[active_model_serializers] Rendered ActiveModel::Serializer::CollectionSerializer with ActiveModelSerializers::Adapter::Json (0.27ms)
Completed 200 OK in 26ms (Views: 7.6ms | ActiveRecord: 3.9ms)


[active_model_serializers] Rendered ActiveModel::Serializer::CollectionSerializer with ActiveModelSerializers::Adapter::Json (0.49ms)
Completed 200 OK in 15ms (Views: 4.8ms | ActiveRecord: 7.1ms)


Completed 200 OK in 28ms (Views: 5.7ms | ActiveRecord: 8.6ms)


Started GET "/babies" for 127.0.0.1 at 2017-05-02 21:59:46 -0400
Processing by BabiesController#index as HTML
  [1m[36mBaby Load (0.2ms)[0m  [1m[34mSELECT "babies".* FROM "babies"[0m
[active_model_serializers] Rendered ActiveModel::Serializer::CollectionSerializer with ActiveModelSerializers::Adapter::Json (0.38ms)
Completed 200 OK in 3ms (Views: 1.4ms | ActiveRecord: 0.2ms)


